<?xml version="1.0" encoding="UTF-8"?>
<!-- Generated by org.testng.reporters.JUnitReportReporter -->
<testsuite hostname="Divya-PC" failures="0" tests="1" name="com.qa.salesforce.pages.UserMenuPage" time="3.917" errors="0" timestamp="7 Aug 2022 00:24:56 GMT">
  <testcase classname="com.qa.salesforce.pages.UserMenuPage" name="testCase5" time="3.917"/>
</testsuite> <!-- com.qa.salesforce.pages.UserMenuPage -->
