<?xml version="1.0" encoding="UTF-8"?>
<!-- Generated by org.testng.reporters.JUnitReportReporter -->
<testsuite skipped="0" hostname="Divya-PC" name="com.qa.salesforce.test.LeadsPageTest" tests="1" failures="0" timestamp="28 Aug 2022 18:54:37 GMT" time="19.254" errors="0">
  <testcase name="testCase24" time="19.254" classname="com.qa.salesforce.test.LeadsPageTest"/>
</testsuite> <!-- com.qa.salesforce.test.LeadsPageTest -->
