<?xml version="1.0" encoding="UTF-8"?>
<!-- Generated by org.testng.reporters.JUnitReportReporter -->
<testsuite hostname="Divya-PC" failures="0" tests="5" name="com.qa.salesforce.pages.LoginPage" time="38.572" errors="0" timestamp="7 Aug 2022 00:08:49 GMT">
  <testcase classname="com.qa.salesforce.pages.LoginPage" name="testCase1" time="4.976"/>
  <testcase classname="com.qa.salesforce.pages.LoginPage" name="testCase3" time="11.253"/>
  <testcase classname="com.qa.salesforce.pages.LoginPage" name="testCase2" time="9.746"/>
  <testcase classname="com.qa.salesforce.pages.LoginPage" name="testCase4B" time="5.335"/>
  <testcase classname="com.qa.salesforce.pages.LoginPage" name="testCase4A" time="7.262"/>
</testsuite> <!-- com.qa.salesforce.pages.LoginPage -->
