<?xml version="1.0" encoding="UTF-8"?>
<!-- Generated by org.testng.reporters.JUnitReportReporter -->
<testsuite skipped="0" hostname="Divya-PC" name="com.qa.salesforce.test.OpportunitiesPageTest" tests="5" failures="0" timestamp="27 Aug 2022 22:25:23 GMT" time="117.538" errors="0">
  <testcase name="testCase18" time="22.128" classname="com.qa.salesforce.test.OpportunitiesPageTest"/>
  <testcase name="testCase15" time="20.958" classname="com.qa.salesforce.test.OpportunitiesPageTest"/>
  <testcase name="testCase17" time="19.819" classname="com.qa.salesforce.test.OpportunitiesPageTest"/>
  <testcase name="testCase19" time="24.855" classname="com.qa.salesforce.test.OpportunitiesPageTest"/>
  <testcase name="testCase16" time="29.778" classname="com.qa.salesforce.test.OpportunitiesPageTest"/>
</testsuite> <!-- com.qa.salesforce.test.OpportunitiesPageTest -->
