<?xml version="1.0" encoding="UTF-8"?>
<!-- Generated by org.testng.reporters.JUnitReportReporter -->
<testsuite skipped="0" hostname="Divya-PC" name="com.qa.salesforce.test.ContactsPageTest" tests="1" failures="0" timestamp="29 Aug 2022 14:40:41 GMT" time="23.598" errors="0">
  <testcase name="testCase32" time="23.598" classname="com.qa.salesforce.test.ContactsPageTest"/>
</testsuite> <!-- com.qa.salesforce.test.ContactsPageTest -->
