<?xml version="1.0" encoding="UTF-8"?>
<!-- Generated by org.testng.reporters.JUnitReportReporter -->
<testsuite skipped="0" hostname="Divya-PC" name="com.qa.salesforce.test.LoginPageTest" tests="5" failures="0" timestamp="11 Aug 2022 18:42:01 GMT" time="42.691" errors="0">
  <testcase name="testCase3" time="10.202" classname="com.qa.salesforce.test.LoginPageTest"/>
  <testcase name="testCase1" time="7.044" classname="com.qa.salesforce.test.LoginPageTest"/>
  <testcase name="testCase4A" time="4.669" classname="com.qa.salesforce.test.LoginPageTest"/>
  <testcase name="testCase2" time="15.506" classname="com.qa.salesforce.test.LoginPageTest"/>
  <testcase name="testCase4B" time="5.270" classname="com.qa.salesforce.test.LoginPageTest"/>
</testsuite> <!-- com.qa.salesforce.test.LoginPageTest -->
